<?xml version="1.0" encoding="UTF-8"?>
<testsuite xmlns:xsi="http://www.w3.org/2001/XMLSchema-instance" xsi:noNamespaceSchemaLocation="https://maven.apache.org/surefire/maven-surefire-plugin/xsd/surefire-test-report.xsd" name="io.cucumber.shouty.NetworkTest" time="0.051" tests="2" errors="0" skipped="0" failures="0">
  <properties>
[...]
</properties>
  <testcase name="does_not_broadcast_a_message_over_180_character_even_if_listener_is_in_range" classname="io.cucumber.shouty.NetworkTest" time="0"/>
  <testcase name="broadcasts_a_message_to_a_listener_within_range" classname="io.cucumber.shouty.NetworkTest" time="0"/>
</testsuite>